<?xml version="1.0" encoding="UTF-8"?>
<testng-results ignored="0" total="2" passed="2" failed="0" skipped="0">
  <reporter-output>
  </reporter-output>
  <suite started-at="2024-10-30T13:12:35 IST" name="Default suite" finished-at="2024-10-30T13:13:01 IST" duration-ms="26364">
    <groups>
      <group name="regressionTest">
        <method signature="ContactTestScriptTest.teContact()[pri:0, instance:newproject.ContactTestScriptTest@dd05255]" name="teContact" class="newproject.ContactTestScriptTest"/>
      </group> <!-- regressionTest -->
      <group name="smokeTest">
        <method signature="ContactTestScriptTest.contactTest2()[pri:0, instance:newproject.ContactTestScriptTest@dd05255]" name="contactTest2" class="newproject.ContactTestScriptTest"/>
      </group> <!-- smokeTest -->
    </groups>
    <test started-at="2024-10-30T13:12:35 IST" name="Default test" finished-at="2024-10-30T13:13:01 IST" duration-ms="26364">
      <class name="newproject.ContactTestScriptTest">
        <test-method is-config="true" signature="configBS()[pri:0, instance:newproject.ContactTestScriptTest@dd05255]" started-at="2024-10-30T13:12:35 IST" name="configBS" finished-at="2024-10-30T13:12:35 IST" duration-ms="348" status="PASS">
          <reporter-output>
          </reporter-output>
        </test-method> <!-- configBS -->
        <test-method is-config="true" signature="configBC()[pri:0, instance:newproject.ContactTestScriptTest@dd05255]" started-at="2024-10-30T13:12:35 IST" name="configBC" finished-at="2024-10-30T13:12:36 IST" duration-ms="1548" status="PASS">
          <reporter-output>
          </reporter-output>
        </test-method> <!-- configBC -->
        <test-method is-config="true" signature="configBM()[pri:0, instance:newproject.ContactTestScriptTest@dd05255]" started-at="2024-10-30T13:12:36 IST" name="configBM" finished-at="2024-10-30T13:12:40 IST" duration-ms="3893" status="PASS">
          <reporter-output>
          </reporter-output>
        </test-method> <!-- configBM -->
        <test-method signature="contactTest2()[pri:0, instance:newproject.ContactTestScriptTest@dd05255]" started-at="2024-10-30T13:12:40 IST" name="contactTest2" finished-at="2024-10-30T13:12:46 IST" duration-ms="5573" status="PASS">
          <reporter-output>
          </reporter-output>
        </test-method> <!-- contactTest2 -->
        <test-method is-config="true" signature="configAfterMethod()[pri:0, instance:newproject.ContactTestScriptTest@dd05255]" started-at="2024-10-30T13:12:46 IST" name="configAfterMethod" finished-at="2024-10-30T13:12:47 IST" duration-ms="761" status="PASS">
          <reporter-output>
          </reporter-output>
        </test-method> <!-- configAfterMethod -->
        <test-method is-config="true" signature="configBM()[pri:0, instance:newproject.ContactTestScriptTest@dd05255]" started-at="2024-10-30T13:12:47 IST" name="configBM" finished-at="2024-10-30T13:12:48 IST" duration-ms="1397" status="PASS">
          <reporter-output>
          </reporter-output>
        </test-method> <!-- configBM -->
        <test-method signature="teContact()[pri:0, instance:newproject.ContactTestScriptTest@dd05255]" started-at="2024-10-30T13:12:48 IST" name="teContact" finished-at="2024-10-30T13:12:58 IST" duration-ms="10158" status="PASS">
          <reporter-output>
          </reporter-output>
        </test-method> <!-- teContact -->
        <test-method is-config="true" signature="configAfterMethod()[pri:0, instance:newproject.ContactTestScriptTest@dd05255]" started-at="2024-10-30T13:12:58 IST" name="configAfterMethod" finished-at="2024-10-30T13:12:59 IST" duration-ms="774" status="PASS">
          <reporter-output>
          </reporter-output>
        </test-method> <!-- configAfterMethod -->
        <test-method is-config="true" signature="configAC()[pri:0, instance:newproject.ContactTestScriptTest@dd05255]" started-at="2024-10-30T13:12:59 IST" name="configAC" finished-at="2024-10-30T13:13:01 IST" duration-ms="2203" status="PASS">
          <reporter-output>
          </reporter-output>
        </test-method> <!-- configAC -->
        <test-method is-config="true" signature="configAS()[pri:0, instance:newproject.ContactTestScriptTest@dd05255]" started-at="2024-10-30T13:13:01 IST" name="configAS" finished-at="2024-10-30T13:13:02 IST" duration-ms="819" status="PASS">
          <reporter-output>
          </reporter-output>
        </test-method> <!-- configAS -->
      </class> <!-- newproject.ContactTestScriptTest -->
    </test> <!-- Default test -->
  </suite> <!-- Default suite -->
</testng-results>
