<?xml version="1.0" encoding="UTF-8"?>
<testng-results ignored="0" total="2" passed="2" failed="0" skipped="0">
  <reporter-output>
  </reporter-output>
  <suite started-at="2024-10-30T14:48:40 IST" name="Default suite" finished-at="2024-10-30T14:49:01 IST" duration-ms="20852">
    <groups>
      <group name="regressionTest">
        <method signature="ContactTestScriptTest.teContact()[pri:0, instance:newproject.ContactTestScriptTest@dd05255]" name="teContact" class="newproject.ContactTestScriptTest"/>
      </group> <!-- regressionTest -->
      <group name="smokeTest">
        <method signature="ContactTestScriptTest.contactTest2()[pri:0, instance:newproject.ContactTestScriptTest@dd05255]" name="contactTest2" class="newproject.ContactTestScriptTest"/>
      </group> <!-- smokeTest -->
    </groups>
    <test started-at="2024-10-30T14:48:40 IST" name="Default test" finished-at="2024-10-30T14:49:01 IST" duration-ms="20852">
      <class name="newproject.ContactTestScriptTest">
        <test-method is-config="true" signature="configBS()[pri:0, instance:newproject.ContactTestScriptTest@dd05255]" started-at="2024-10-30T14:48:39 IST" name="configBS" finished-at="2024-10-30T14:48:40 IST" duration-ms="399" status="PASS">
          <reporter-output>
          </reporter-output>
        </test-method> <!-- configBS -->
        <test-method is-config="true" signature="configBC()[pri:0, instance:newproject.ContactTestScriptTest@dd05255]" started-at="2024-10-30T14:48:40 IST" name="configBC" finished-at="2024-10-30T14:48:42 IST" duration-ms="2284" status="PASS">
          <reporter-output>
          </reporter-output>
        </test-method> <!-- configBC -->
        <test-method is-config="true" signature="configBM()[pri:0, instance:newproject.ContactTestScriptTest@dd05255]" started-at="2024-10-30T14:48:42 IST" name="configBM" finished-at="2024-10-30T14:48:44 IST" duration-ms="2373" status="PASS">
          <reporter-output>
          </reporter-output>
        </test-method> <!-- configBM -->
        <test-method signature="contactTest2()[pri:0, instance:newproject.ContactTestScriptTest@dd05255]" started-at="2024-10-30T14:48:44 IST" name="contactTest2" finished-at="2024-10-30T14:48:49 IST" duration-ms="4140" status="PASS">
          <reporter-output>
          </reporter-output>
        </test-method> <!-- contactTest2 -->
        <test-method is-config="true" signature="configAfterMethod()[pri:0, instance:newproject.ContactTestScriptTest@dd05255]" started-at="2024-10-30T14:48:49 IST" name="configAfterMethod" finished-at="2024-10-30T14:48:49 IST" duration-ms="729" status="PASS">
          <reporter-output>
          </reporter-output>
        </test-method> <!-- configAfterMethod -->
        <test-method is-config="true" signature="configBM()[pri:0, instance:newproject.ContactTestScriptTest@dd05255]" started-at="2024-10-30T14:48:49 IST" name="configBM" finished-at="2024-10-30T14:48:51 IST" duration-ms="1223" status="PASS">
          <reporter-output>
          </reporter-output>
        </test-method> <!-- configBM -->
        <test-method signature="teContact()[pri:0, instance:newproject.ContactTestScriptTest@dd05255]" started-at="2024-10-30T14:48:51 IST" name="teContact" finished-at="2024-10-30T14:49:00 IST" duration-ms="8979" status="PASS">
          <reporter-output>
          </reporter-output>
        </test-method> <!-- teContact -->
        <test-method is-config="true" signature="configAfterMethod()[pri:0, instance:newproject.ContactTestScriptTest@dd05255]" started-at="2024-10-30T14:49:00 IST" name="configAfterMethod" finished-at="2024-10-30T14:49:00 IST" duration-ms="756" status="PASS">
          <reporter-output>
          </reporter-output>
        </test-method> <!-- configAfterMethod -->
        <test-method is-config="true" signature="configAC()[pri:0, instance:newproject.ContactTestScriptTest@dd05255]" started-at="2024-10-30T14:49:00 IST" name="configAC" finished-at="2024-10-30T14:49:01 IST" duration-ms="319" status="PASS">
          <reporter-output>
          </reporter-output>
        </test-method> <!-- configAC -->
        <test-method is-config="true" signature="configAS()[pri:0, instance:newproject.ContactTestScriptTest@dd05255]" started-at="2024-10-30T14:49:01 IST" name="configAS" finished-at="2024-10-30T14:49:01 IST" duration-ms="494" status="PASS">
          <reporter-output>
          </reporter-output>
        </test-method> <!-- configAS -->
      </class> <!-- newproject.ContactTestScriptTest -->
    </test> <!-- Default test -->
  </suite> <!-- Default suite -->
</testng-results>
